2024-04-28 19:49:34,805 INFO c.p.y.JavaTaskApplication [main] Starting JavaTaskApplication using Java 17.0.7 with PID 25752 (C:\Users\Yazan\Desktop\Java Task\yazan\yazan\target\classes started by Yazan in C:\Users\Yazan\Desktop\Java Task\yazan\yazan)
2024-04-28 19:49:34,814 DEBUG c.p.y.JavaTaskApplication [main] Running with Spring Boot v3.2.5, Spring v6.1.6
2024-04-28 19:49:34,816 INFO c.p.y.JavaTaskApplication [main] No active profile set, falling back to 1 default profile: "default"
2024-04-28 19:49:44,995 INFO c.p.y.JavaTaskApplication [main] Started JavaTaskApplication in 10.961 seconds (process running for 12.303)
2024-04-28 20:05:20,093 INFO c.p.y.JavaTaskApplication [main] Starting JavaTaskApplication using Java 17.0.7 with PID 30652 (C:\Users\Yazan\Desktop\Java Task\yazan\yazan\target\classes started by Yazan in C:\Users\Yazan\Desktop\Java Task\yazan\yazan)
2024-04-28 20:05:20,096 DEBUG c.p.y.JavaTaskApplication [main] Running with Spring Boot v3.2.5, Spring v6.1.6
2024-04-28 20:05:20,098 INFO c.p.y.JavaTaskApplication [main] No active profile set, falling back to 1 default profile: "default"
2024-04-28 20:05:28,842 INFO c.p.y.JavaTaskApplication [main] Started JavaTaskApplication in 9.603 seconds (process running for 10.91)
2024-04-28 20:17:29,306 INFO c.p.y.JavaTaskApplication [main] Starting JavaTaskApplication using Java 17.0.7 with PID 15868 (C:\Users\Yazan\Desktop\Java Task\yazan\yazan\target\classes started by Yazan in C:\Users\Yazan\Desktop\Java Task\yazan\yazan)
2024-04-28 20:17:29,308 DEBUG c.p.y.JavaTaskApplication [main] Running with Spring Boot v3.2.5, Spring v6.1.6
2024-04-28 20:17:29,309 INFO c.p.y.JavaTaskApplication [main] No active profile set, falling back to 1 default profile: "default"
2024-04-28 20:17:36,273 INFO c.p.y.JavaTaskApplication [main] Started JavaTaskApplication in 7.542 seconds (process running for 8.438)
2024-04-28 20:34:44,244 INFO c.p.y.JavaTaskApplication [main] Starting JavaTaskApplication using Java 17.0.7 with PID 13260 (C:\Users\Yazan\Desktop\Java Task\yazan\yazan\target\classes started by Yazan in C:\Users\Yazan\Desktop\Java Task\yazan\yazan)
2024-04-28 20:34:44,244 DEBUG c.p.y.JavaTaskApplication [main] Running with Spring Boot v3.2.5, Spring v6.1.6
2024-04-28 20:34:44,244 INFO c.p.y.JavaTaskApplication [main] No active profile set, falling back to 1 default profile: "default"
2024-04-28 20:34:50,384 INFO c.p.y.JavaTaskApplication [main] Started JavaTaskApplication in 6.708 seconds (process running for 7.61)
2024-04-28 20:36:03,685 ERROR o.a.c.c.C.[.[.[.[dispatcherServlet] [http-nio-8080-exec-3] Servlet.service() for servlet [dispatcherServlet] in context with path [] threw exception [Request processing failed: java.lang.RuntimeException: Deal not found with id: "1"] with root cause
java.lang.RuntimeException: Deal not found with id: "1"
	at com.progresssoft.yazan.service.DealService.lambda$getDealById$0(DealService.java:29)
	at java.base/java.util.Optional.orElseThrow(Optional.java:403)
	at com.progresssoft.yazan.service.DealService.getDealById(DealService.java:29)
	at java.base/jdk.internal.reflect.NativeMethodAccessorImpl.invoke0(Native Method)
	at java.base/jdk.internal.reflect.NativeMethodAccessorImpl.invoke(NativeMethodAccessorImpl.java:77)
	at java.base/jdk.internal.reflect.DelegatingMethodAccessorImpl.invoke(DelegatingMethodAccessorImpl.java:43)
	at java.base/java.lang.reflect.Method.invoke(Method.java:568)
	at org.springframework.aop.support.AopUtils.invokeJoinpointUsingReflection(AopUtils.java:354)
	at org.springframework.aop.framework.CglibAopProxy$DynamicAdvisedInterceptor.intercept(CglibAopProxy.java:716)
	at com.progresssoft.yazan.service.DealService$$SpringCGLIB$$0.getDealById(<generated>)
	at com.progresssoft.yazan.controller.DealsController.getDealById(DealsController.java:58)
	at java.base/jdk.internal.reflect.NativeMethodAccessorImpl.invoke0(Native Method)
	at java.base/jdk.internal.reflect.NativeMethodAccessorImpl.invoke(NativeMethodAccessorImpl.java:77)
	at java.base/jdk.internal.reflect.DelegatingMethodAccessorImpl.invoke(DelegatingMethodAccessorImpl.java:43)
	at java.base/java.lang.reflect.Method.invoke(Method.java:568)
	at org.springframework.aop.support.AopUtils.invokeJoinpointUsingReflection(AopUtils.java:354)
	at org.springframework.aop.framework.ReflectiveMethodInvocation.invokeJoinpoint(ReflectiveMethodInvocation.java:196)
	at org.springframework.aop.framework.ReflectiveMethodInvocation.proceed(ReflectiveMethodInvocation.java:163)
	at org.springframework.aop.framework.CglibAopProxy$CglibMethodInvocation.proceed(CglibAopProxy.java:768)
	at org.springframework.validation.beanvalidation.MethodValidationInterceptor.invoke(MethodValidationInterceptor.java:174)
	at org.springframework.aop.framework.ReflectiveMethodInvocation.proceed(ReflectiveMethodInvocation.java:184)
	at org.springframework.aop.framework.CglibAopProxy$CglibMethodInvocation.proceed(CglibAopProxy.java:768)
	at org.springframework.aop.framework.CglibAopProxy$DynamicAdvisedInterceptor.intercept(CglibAopProxy.java:720)
	at com.progresssoft.yazan.controller.DealsController$$SpringCGLIB$$0.getDealById(<generated>)
	at java.base/jdk.internal.reflect.NativeMethodAccessorImpl.invoke0(Native Method)
	at java.base/jdk.internal.reflect.NativeMethodAccessorImpl.invoke(NativeMethodAccessorImpl.java:77)
	at java.base/jdk.internal.reflect.DelegatingMethodAccessorImpl.invoke(DelegatingMethodAccessorImpl.java:43)
	at java.base/java.lang.reflect.Method.invoke(Method.java:568)
	at org.springframework.web.method.support.InvocableHandlerMethod.doInvoke(InvocableHandlerMethod.java:255)
	at org.springframework.web.method.support.InvocableHandlerMethod.invokeForRequest(InvocableHandlerMethod.java:188)
	at org.springframework.web.servlet.mvc.method.annotation.ServletInvocableHandlerMethod.invokeAndHandle(ServletInvocableHandlerMethod.java:118)
	at org.springframework.web.servlet.mvc.method.annotation.RequestMappingHandlerAdapter.invokeHandlerMethod(RequestMappingHandlerAdapter.java:926)
	at org.springframework.web.servlet.mvc.method.annotation.RequestMappingHandlerAdapter.handleInternal(RequestMappingHandlerAdapter.java:831)
	at org.springframework.web.servlet.mvc.method.AbstractHandlerMethodAdapter.handle(AbstractHandlerMethodAdapter.java:87)
	at org.springframework.web.servlet.DispatcherServlet.doDispatch(DispatcherServlet.java:1089)
	at org.springframework.web.servlet.DispatcherServlet.doService(DispatcherServlet.java:979)
	at org.springframework.web.servlet.FrameworkServlet.processRequest(FrameworkServlet.java:1014)
	at org.springframework.web.servlet.FrameworkServlet.doGet(FrameworkServlet.java:903)
	at jakarta.servlet.http.HttpServlet.service(HttpServlet.java:564)
	at org.springframework.web.servlet.FrameworkServlet.service(FrameworkServlet.java:885)
	at jakarta.servlet.http.HttpServlet.service(HttpServlet.java:658)
	at org.apache.catalina.core.ApplicationFilterChain.internalDoFilter(ApplicationFilterChain.java:206)
	at org.apache.catalina.core.ApplicationFilterChain.doFilter(ApplicationFilterChain.java:150)
	at org.apache.tomcat.websocket.server.WsFilter.doFilter(WsFilter.java:51)
	at org.apache.catalina.core.ApplicationFilterChain.internalDoFilter(ApplicationFilterChain.java:175)
	at org.apache.catalina.core.ApplicationFilterChain.doFilter(ApplicationFilterChain.java:150)
	at org.springframework.web.filter.RequestContextFilter.doFilterInternal(RequestContextFilter.java:100)
	at org.springframework.web.filter.OncePerRequestFilter.doFilter(OncePerRequestFilter.java:116)
	at org.apache.catalina.core.ApplicationFilterChain.internalDoFilter(ApplicationFilterChain.java:175)
	at org.apache.catalina.core.ApplicationFilterChain.doFilter(ApplicationFilterChain.java:150)
	at org.springframework.web.filter.FormContentFilter.doFilterInternal(FormContentFilter.java:93)
	at org.springframework.web.filter.OncePerRequestFilter.doFilter(OncePerRequestFilter.java:116)
	at org.apache.catalina.core.ApplicationFilterChain.internalDoFilter(ApplicationFilterChain.java:175)
	at org.apache.catalina.core.ApplicationFilterChain.doFilter(ApplicationFilterChain.java:150)
	at org.springframework.web.filter.CharacterEncodingFilter.doFilterInternal(CharacterEncodingFilter.java:201)
	at org.springframework.web.filter.OncePerRequestFilter.doFilter(OncePerRequestFilter.java:116)
	at org.apache.catalina.core.ApplicationFilterChain.internalDoFilter(ApplicationFilterChain.java:175)
	at org.apache.catalina.core.ApplicationFilterChain.doFilter(ApplicationFilterChain.java:150)
	at org.apache.catalina.core.StandardWrapperValve.invoke(StandardWrapperValve.java:167)
	at org.apache.catalina.core.StandardContextValve.invoke(StandardContextValve.java:90)
	at org.apache.catalina.authenticator.AuthenticatorBase.invoke(AuthenticatorBase.java:482)
	at org.apache.catalina.core.StandardHostValve.invoke(StandardHostValve.java:115)
	at org.apache.catalina.valves.ErrorReportValve.invoke(ErrorReportValve.java:93)
	at org.apache.catalina.core.StandardEngineValve.invoke(StandardEngineValve.java:74)
	at org.apache.catalina.connector.CoyoteAdapter.service(CoyoteAdapter.java:344)
	at org.apache.coyote.http11.Http11Processor.service(Http11Processor.java:391)
	at org.apache.coyote.AbstractProcessorLight.process(AbstractProcessorLight.java:63)
	at org.apache.coyote.AbstractProtocol$ConnectionHandler.process(AbstractProtocol.java:896)
	at org.apache.tomcat.util.net.NioEndpoint$SocketProcessor.doRun(NioEndpoint.java:1736)
	at org.apache.tomcat.util.net.SocketProcessorBase.run(SocketProcessorBase.java:52)
	at org.apache.tomcat.util.threads.ThreadPoolExecutor.runWorker(ThreadPoolExecutor.java:1191)
	at org.apache.tomcat.util.threads.ThreadPoolExecutor$Worker.run(ThreadPoolExecutor.java:659)
	at org.apache.tomcat.util.threads.TaskThread$WrappingRunnable.run(TaskThread.java:63)
	at java.base/java.lang.Thread.run(Thread.java:833)
